<?xml version="1.0" encoding="UTF-8"?>
<!-- Generated by org.testng.reporters.JUnitReportReporter -->
<testsuite hostname="Mannu" failures="0" tests="1" name="com.qa.rahulshetty.testCases.TC002_LoginTest" time="2.190" errors="0" timestamp="2025-01-10T07:17:45 IST" skipped="0">
  <testcase classname="com.qa.rahulshetty.testCases.TC002_LoginTest" name="verifyLogin" time="2.190"/>
</testsuite> <!-- com.qa.rahulshetty.testCases.TC002_LoginTest -->
