<?xml version="1.0" encoding="UTF-8"?>
<!-- Generated by org.testng.reporters.JUnitReportReporter -->
<testsuite hostname="Mannu" failures="0" tests="1" name="com.qa.rahulshetty.testCases.TC001_UserRegister" time="3.344" errors="0" timestamp="2025-01-10T07:17:45 IST" skipped="0">
  <testcase classname="com.qa.rahulshetty.testCases.TC001_UserRegister" name="verifyAccountRegister" time="3.344"/>
</testsuite> <!-- com.qa.rahulshetty.testCases.TC001_UserRegister -->
