<?xml version="1.0" encoding="UTF-8"?>
<!-- Generated by org.testng.reporters.JUnitReportReporter -->
<testsuite hostname="Mannu" failures="0" tests="1" name="com.qa.rahulshetty.testCases.TC001_UserRegister" time="4.059" errors="0" timestamp="2025-01-12T21:50:13 IST" skipped="0">
  <testcase classname="com.qa.rahulshetty.testCases.TC001_UserRegister" name="verifyAccountRegister" time="4.059"/>
</testsuite> <!-- com.qa.rahulshetty.testCases.TC001_UserRegister -->
