<?xml version="1.0" encoding="UTF-8"?>
<!-- Generated by org.testng.reporters.JUnitReportReporter -->
<testsuite hostname="Mannu" failures="0" tests="1" name="com.qa.rahulshetty.testCases.TC002_LoginTest" time="1.751" errors="0" timestamp="2025-01-12T17:39:58 IST" skipped="0">
  <testcase classname="com.qa.rahulshetty.testCases.TC002_LoginTest" name="verifyLogin" time="1.751"/>
</testsuite> <!-- com.qa.rahulshetty.testCases.TC002_LoginTest -->
