<?xml version="1.0" encoding="UTF-8"?>
<!-- Generated by org.testng.reporters.JUnitReportReporter -->
<testsuite hostname="Mannu" failures="0" tests="1" name="com.qa.rahulshetty.testCases.TC001_UserRegister" time="3.297" errors="0" timestamp="2025-01-12T12:32:22 IST" skipped="0">
  <testcase classname="com.qa.rahulshetty.testCases.TC001_UserRegister" name="verifyAccountRegister" time="3.297"/>
</testsuite> <!-- com.qa.rahulshetty.testCases.TC001_UserRegister -->
